<?xml version="1.0" encoding="UTF-8"?>
<testng-results ignored="0" total="1" passed="1" failed="0" skipped="0">
  <reporter-output>
  </reporter-output>
  <suite started-at="2022-03-29T19:05:23 ADT" name="Suite" finished-at="2022-03-29T19:05:39 ADT" duration-ms="15685">
    <groups>
    </groups>
    <test started-at="2022-03-29T19:05:23 ADT" name="Test" finished-at="2022-03-29T19:05:39 ADT" duration-ms="15685">
      <class name="selenium.PageSearchByPage">
        <test-method is-config="true" signature="setUp()[pri:0, instance:selenium.PageSearchByPage@52af26ee]" started-at="2022-03-29T19:05:23 ADT" name="setUp" finished-at="2022-03-29T19:05:27 ADT" duration-ms="3540" status="PASS">
          <reporter-output>
          </reporter-output>
        </test-method> <!-- setUp -->
        <test-method signature="test()[pri:0, instance:selenium.PageSearchByPage@52af26ee]" started-at="2022-03-29T19:05:27 ADT" name="test" finished-at="2022-03-29T19:05:39 ADT" duration-ms="11784" status="PASS">
          <reporter-output>
          </reporter-output>
        </test-method> <!-- test -->
        <test-method is-config="true" signature="tearDown()[pri:0, instance:selenium.PageSearchByPage@52af26ee]" started-at="2022-03-29T19:05:39 ADT" name="tearDown" finished-at="2022-03-29T19:05:39 ADT" duration-ms="300" status="PASS">
          <reporter-output>
          </reporter-output>
        </test-method> <!-- tearDown -->
      </class> <!-- selenium.PageSearchByPage -->
    </test> <!-- Test -->
  </suite> <!-- Suite -->
</testng-results>
